2012/10/11 09:05:35 [error] [php] include(Client.php): failed to open stream: No such file or directory (E:\website\yii\framework\YiiBase.php:421)
Stack trace:
#0 E:\website\Watcher\protected\controllers\SiteController.php(28): spl_autoload_call()
#1 E:\website\yii\framework\web\actions\CInlineAction.php(50): SiteController->actionIndex()
#2 E:\website\yii\framework\web\CController.php(300): CInlineAction->runWithParams()
#3 E:\website\yii\framework\web\CController.php(278): SiteController->runAction()
#4 E:\website\yii\framework\web\CController.php(257): SiteController->runActionWithFilters()
#5 E:\website\yii\framework\web\CWebApplication.php(277): SiteController->run()
#6 E:\website\yii\framework\web\CWebApplication.php(136): CWebApplication->runController()
#7 E:\website\yii\framework\base\CApplication.php(158): CWebApplication->processRequest()
#8 E:\website\Watcher\index.php(13): CWebApplication->run()
REQUEST_URI=/
in E:\website\Watcher\protected\controllers\SiteController.php (28)
in E:\website\Watcher\index.php (13)
2012/10/11 09:23:47 [error] [php] include(Client.php): failed to open stream: No such file or directory (E:\website\yii\framework\YiiBase.php:421)
Stack trace:
#0 E:\website\Watcher\protected\controllers\SiteController.php(28): spl_autoload_call()
#1 E:\website\yii\framework\web\actions\CInlineAction.php(50): SiteController->actionIndex()
#2 E:\website\yii\framework\web\CController.php(300): CInlineAction->runWithParams()
#3 E:\website\yii\framework\web\CController.php(278): SiteController->runAction()
#4 E:\website\yii\framework\web\CController.php(257): SiteController->runActionWithFilters()
#5 E:\website\yii\framework\web\CWebApplication.php(277): SiteController->run()
#6 E:\website\yii\framework\web\CWebApplication.php(136): CWebApplication->runController()
#7 E:\website\yii\framework\base\CApplication.php(158): CWebApplication->processRequest()
#8 E:\website\Watcher\index.php(13): CWebApplication->run()
REQUEST_URI=/
in E:\website\Watcher\protected\controllers\SiteController.php (28)
in E:\website\Watcher\index.php (13)
2012/10/11 09:30:58 [error] [php] include(Client.php): failed to open stream: No such file or directory (E:\website\yii\framework\YiiBase.php:421)
Stack trace:
#0 E:\website\Watcher\protected\controllers\SiteController.php(28): spl_autoload_call()
#1 E:\website\yii\framework\web\actions\CInlineAction.php(50): SiteController->actionIndex()
#2 E:\website\yii\framework\web\CController.php(300): CInlineAction->runWithParams()
#3 E:\website\yii\framework\web\CController.php(278): SiteController->runAction()
#4 E:\website\yii\framework\web\CController.php(257): SiteController->runActionWithFilters()
#5 E:\website\yii\framework\web\CWebApplication.php(277): SiteController->run()
#6 E:\website\yii\framework\web\CWebApplication.php(136): CWebApplication->runController()
#7 E:\website\yii\framework\base\CApplication.php(158): CWebApplication->processRequest()
#8 E:\website\Watcher\index.php(13): CWebApplication->run()
REQUEST_URI=/
in E:\website\Watcher\protected\controllers\SiteController.php (28)
in E:\website\Watcher\index.php (13)
2012/10/11 11:29:00 [error] [php] include(Client.php): failed to open stream: No such file or directory (E:\website\yii\framework\YiiBase.php:421)
Stack trace:
#0 E:\website\Watcher\protected\controllers\SiteController.php(28): spl_autoload_call()
#1 E:\website\yii\framework\web\actions\CInlineAction.php(50): SiteController->actionIndex()
#2 E:\website\yii\framework\web\CController.php(300): CInlineAction->runWithParams()
#3 E:\website\yii\framework\web\CController.php(278): SiteController->runAction()
#4 E:\website\yii\framework\web\CController.php(257): SiteController->runActionWithFilters()
#5 E:\website\yii\framework\web\CWebApplication.php(277): SiteController->run()
#6 E:\website\yii\framework\web\CWebApplication.php(136): CWebApplication->runController()
#7 E:\website\yii\framework\base\CApplication.php(158): CWebApplication->processRequest()
#8 E:\website\Watcher\index.php(13): CWebApplication->run()
REQUEST_URI=/
in E:\website\Watcher\protected\controllers\SiteController.php (28)
in E:\website\Watcher\index.php (13)
2012/10/11 11:32:46 [error] [php] include(Client.php): failed to open stream: No such file or directory (E:\website\yii\framework\YiiBase.php:421)
Stack trace:
#0 E:\website\Watcher\protected\controllers\SiteController.php(28): spl_autoload_call()
#1 E:\website\yii\framework\web\actions\CInlineAction.php(50): SiteController->actionIndex()
#2 E:\website\yii\framework\web\CController.php(300): CInlineAction->runWithParams()
#3 E:\website\yii\framework\web\CController.php(278): SiteController->runAction()
#4 E:\website\yii\framework\web\CController.php(257): SiteController->runActionWithFilters()
#5 E:\website\yii\framework\web\CWebApplication.php(277): SiteController->run()
#6 E:\website\yii\framework\web\CWebApplication.php(136): CWebApplication->runController()
#7 E:\website\yii\framework\base\CApplication.php(158): CWebApplication->processRequest()
#8 E:\website\Watcher\index.php(13): CWebApplication->run()
REQUEST_URI=/
in E:\website\Watcher\protected\controllers\SiteController.php (28)
in E:\website\Watcher\index.php (13)
2012/10/11 14:06:07 [error] [php] include(Client.php): failed to open stream: No such file or directory (E:\website\yii\framework\YiiBase.php:421)
Stack trace:
#0 E:\website\Watcher\protected\controllers\SiteController.php(28): spl_autoload_call()
#1 E:\website\yii\framework\web\actions\CInlineAction.php(50): SiteController->actionIndex()
#2 E:\website\yii\framework\web\CController.php(300): CInlineAction->runWithParams()
#3 E:\website\yii\framework\web\CController.php(278): SiteController->runAction()
#4 E:\website\yii\framework\web\CController.php(257): SiteController->runActionWithFilters()
#5 E:\website\yii\framework\web\CWebApplication.php(277): SiteController->run()
#6 E:\website\yii\framework\web\CWebApplication.php(136): CWebApplication->runController()
#7 E:\website\yii\framework\base\CApplication.php(158): CWebApplication->processRequest()
#8 E:\website\Watcher\index.php(13): CWebApplication->run()
REQUEST_URI=/
in E:\website\Watcher\protected\controllers\SiteController.php (28)
in E:\website\Watcher\index.php (13)
2012/10/12 11:31:53 [error] [php] include(Client.php): failed to open stream: No such file or directory (E:\website\yii\framework\YiiBase.php:421)
Stack trace:
#0 E:\website\Watcher\protected\controllers\SiteController.php(28): spl_autoload_call()
#1 E:\website\yii\framework\web\actions\CInlineAction.php(50): SiteController->actionIndex()
#2 E:\website\yii\framework\web\CController.php(300): CInlineAction->runWithParams()
#3 E:\website\yii\framework\web\CController.php(278): SiteController->runAction()
#4 E:\website\yii\framework\web\CController.php(257): SiteController->runActionWithFilters()
#5 E:\website\yii\framework\web\CWebApplication.php(277): SiteController->run()
#6 E:\website\yii\framework\web\CWebApplication.php(136): CWebApplication->runController()
#7 E:\website\yii\framework\base\CApplication.php(158): CWebApplication->processRequest()
#8 E:\website\Watcher\index.php(13): CWebApplication->run()
REQUEST_URI=/
in E:\website\Watcher\protected\controllers\SiteController.php (28)
in E:\website\Watcher\index.php (13)
2012/10/12 11:31:56 [error] [php] include(Client.php): failed to open stream: No such file or directory (E:\website\yii\framework\YiiBase.php:421)
Stack trace:
#0 E:\website\Watcher\protected\controllers\SiteController.php(28): spl_autoload_call()
#1 E:\website\yii\framework\web\actions\CInlineAction.php(50): SiteController->actionIndex()
#2 E:\website\yii\framework\web\CController.php(300): CInlineAction->runWithParams()
#3 E:\website\yii\framework\web\CController.php(278): SiteController->runAction()
#4 E:\website\yii\framework\web\CController.php(257): SiteController->runActionWithFilters()
#5 E:\website\yii\framework\web\CWebApplication.php(277): SiteController->run()
#6 E:\website\yii\framework\web\CWebApplication.php(136): CWebApplication->runController()
#7 E:\website\yii\framework\base\CApplication.php(158): CWebApplication->processRequest()
#8 E:\website\Watcher\index.php(13): CWebApplication->run()
REQUEST_URI=/
in E:\website\Watcher\protected\controllers\SiteController.php (28)
in E:\website\Watcher\index.php (13)
2012/10/12 11:32:08 [error] [php] include(Client.php): failed to open stream: No such file or directory (E:\website\yii\framework\YiiBase.php:421)
Stack trace:
#0 E:\website\Watcher\protected\controllers\SiteController.php(28): spl_autoload_call()
#1 E:\website\yii\framework\web\actions\CInlineAction.php(50): SiteController->actionIndex()
#2 E:\website\yii\framework\web\CController.php(300): CInlineAction->runWithParams()
#3 E:\website\yii\framework\web\CController.php(278): SiteController->runAction()
#4 E:\website\yii\framework\web\CController.php(257): SiteController->runActionWithFilters()
#5 E:\website\yii\framework\web\CWebApplication.php(277): SiteController->run()
#6 E:\website\yii\framework\web\CWebApplication.php(136): CWebApplication->runController()
#7 E:\website\yii\framework\base\CApplication.php(158): CWebApplication->processRequest()
#8 E:\website\Watcher\index.php(13): CWebApplication->run()
REQUEST_URI=/
in E:\website\Watcher\protected\controllers\SiteController.php (28)
in E:\website\Watcher\index.php (13)
2012/10/12 14:10:16 [error] [php] include(Client.php): failed to open stream: No such file or directory (E:\website\yii\framework\YiiBase.php:421)
Stack trace:
#0 E:\website\Watcher\protected\controllers\SiteController.php(28): spl_autoload_call()
#1 E:\website\yii\framework\web\actions\CInlineAction.php(50): SiteController->actionIndex()
#2 E:\website\yii\framework\web\CController.php(300): CInlineAction->runWithParams()
#3 E:\website\yii\framework\web\CController.php(278): SiteController->runAction()
#4 E:\website\yii\framework\web\CController.php(257): SiteController->runActionWithFilters()
#5 E:\website\yii\framework\web\CWebApplication.php(277): SiteController->run()
#6 E:\website\yii\framework\web\CWebApplication.php(136): CWebApplication->runController()
#7 E:\website\yii\framework\base\CApplication.php(158): CWebApplication->processRequest()
#8 E:\website\Watcher\index.php(13): CWebApplication->run()
REQUEST_URI=/
in E:\website\Watcher\protected\controllers\SiteController.php (28)
in E:\website\Watcher\index.php (13)
2012/10/12 21:06:08 [error] [php] include(Client.php): failed to open stream: No such file or directory (E:\website\yii\framework\YiiBase.php:421)
Stack trace:
#0 E:\website\Watcher\protected\controllers\SiteController.php(28): spl_autoload_call()
#1 E:\website\yii\framework\web\actions\CInlineAction.php(50): SiteController->actionIndex()
#2 E:\website\yii\framework\web\CController.php(300): CInlineAction->runWithParams()
#3 E:\website\yii\framework\web\CController.php(278): SiteController->runAction()
#4 E:\website\yii\framework\web\CController.php(257): SiteController->runActionWithFilters()
#5 E:\website\yii\framework\web\CWebApplication.php(277): SiteController->run()
#6 E:\website\yii\framework\web\CWebApplication.php(136): CWebApplication->runController()
#7 E:\website\yii\framework\base\CApplication.php(158): CWebApplication->processRequest()
#8 E:\website\Watcher\index.php(13): CWebApplication->run()
REQUEST_URI=/
in E:\website\Watcher\protected\controllers\SiteController.php (28)
in E:\website\Watcher\index.php (13)
